<?xml version="1.0" encoding="UTF-8"?>
<!DOCTYPE coverage SYSTEM "https://raw.githubusercontent.com/cobertura/cobertura/master/cobertura/src/site/htdocs/xml/coverage-04.dtd">
<coverage line-rate="0.971415710105784" branch-rate="0" lines-covered="4316" lines-valid="4443" branches-covered="0" branches-valid="0" complexity="0" version="3.6.5" timestamp="2026-05-26 20:00:02.56628">
  <sources>
    <source>/__w/mmrm/mmrm/mmrm</source>
  </sources>
  <packages>
    <package name="mmrm" line-rate="0.971415710105784" branch-rate="0" complexity="0">
      <classes>
        <class name="between-within.R" filename="R/between-within.R" line-rate="1" branch-rate="0" complexity="0">
          <methods>
            <method name="h_within_or_between" signature="" line-rate="1" branch-rate="0" complexity="0">
              <lines>
                <line number="14" hits="19" branch="false"/>
                <line number="15" hits="19" branch="false"/>
                <line number="17" hits="19" branch="false"/>
                <line number="18" hits="19" branch="false"/>
                <line number="19" hits="19" branch="false"/>
                <line number="20" hits="19" branch="false"/>
                <line number="21" hits="19" branch="false"/>
                <line number="22" hits="19" branch="false"/>
                <line number="23" hits="19" branch="false"/>
                <line number="24" hits="19" branch="false"/>
                <line number="25" hits="19" branch="false"/>
                <line number="26" hits="19" branch="false"/>
                <line number="27" hits="19" branch="false"/>
                <line number="28" hits="19" branch="false"/>
                <line number="29" hits="19" branch="false"/>
              </lines>
            </method>
            <method name="h_df_bw_calc" signature="" line-rate="1" branch-rate="0" complexity="0">
              <lines>
                <line number="45" hits="18" branch="false"/>
                <line number="47" hits="18" branch="false"/>
                <line number="48" hits="18" branch="false"/>
                <line number="49" hits="18" branch="false"/>
                <line number="51" hits="18" branch="false"/>
                <line number="52" hits="18" branch="false"/>
                <line number="53" hits="18" branch="false"/>
                <line number="55" hits="18" branch="false"/>
                <line number="56" hits="18" branch="false"/>
                <line number="57" hits="18" branch="false"/>
                <line number="58" hits="18" branch="false"/>
                <line number="59" hits="18" branch="false"/>
                <line number="60" hits="18" branch="false"/>
                <line number="62" hits="18" branch="false"/>
                <line number="63" hits="18" branch="false"/>
                <line number="64" hits="18" branch="false"/>
                <line number="65" hits="18" branch="false"/>
                <line number="66" hits="18" branch="false"/>
              </lines>
            </method>
            <method name="h_df_min_bw" signature="" line-rate="1" branch-rate="0" complexity="0">
              <lines>
                <line number="82" hits="17" branch="false"/>
                <line number="83" hits="17" branch="false"/>
                <line number="84" hits="17" branch="false"/>
                <line number="85" hits="17" branch="false"/>
                <line number="86" hits="17" branch="false"/>
                <line number="87" hits="17" branch="false"/>
                <line number="88" hits="17" branch="false"/>
                <line number="90" hits="17" branch="false"/>
                <line number="91" hits="17" branch="false"/>
                <line number="92" hits="17" branch="false"/>
                <line number="93" hits="17" branch="false"/>
                <line number="94" hits="17" branch="false"/>
                <line number="95" hits="17" branch="false"/>
                <line number="96" hits="17" branch="false"/>
                <line number="97" hits="17" branch="false"/>
                <line number="98" hits="17" branch="false"/>
                <line number="99" hits="17" branch="false"/>
              </lines>
            </method>
            <method name="h_df_1d_bw" signature="" line-rate="1" branch-rate="0" complexity="0">
              <lines>
                <line number="110" hits="7" branch="false"/>
                <line number="111" hits="7" branch="false"/>
                <line number="113" hits="7" branch="false"/>
                <line number="114" hits="7" branch="false"/>
                <line number="115" hits="7" branch="false"/>
                <line number="116" hits="7" branch="false"/>
              </lines>
            </method>
            <method name="h_df_md_bw" signature="" line-rate="1" branch-rate="0" complexity="0">
              <lines>
                <line number="127" hits="7" branch="false"/>
                <line number="128" hits="7" branch="false"/>
                <line number="129" hits="7" branch="false"/>
                <line number="130" hits="7" branch="false"/>
                <line number="131" hits="7" branch="false"/>
                <line number="132" hits="7" branch="false"/>
                <line number="133" hits="7" branch="false"/>
                <line number="135" hits="7" branch="false"/>
                <line number="136" hits="7" branch="false"/>
                <line number="137" hits="7" branch="false"/>
                <line number="138" hits="7" branch="false"/>
              </lines>
            </method>
          </methods>
          <lines>
            <line number="14" hits="19" branch="false"/>
            <line number="15" hits="19" branch="false"/>
            <line number="17" hits="19" branch="false"/>
            <line number="18" hits="19" branch="false"/>
            <line number="19" hits="19" branch="false"/>
            <line number="20" hits="19" branch="false"/>
            <line number="21" hits="19" branch="false"/>
            <line number="22" hits="19" branch="false"/>
            <line number="23" hits="19" branch="false"/>
            <line number="24" hits="19" branch="false"/>
            <line number="25" hits="19" branch="false"/>
            <line number="26" hits="19" branch="false"/>
            <line number="27" hits="19" branch="false"/>
            <line number="28" hits="19" branch="false"/>
            <line number="29" hits="19" branch="false"/>
            <line number="45" hits="18" branch="false"/>
            <line number="47" hits="18" branch="false"/>
            <line number="48" hits="18" branch="false"/>
            <line number="49" hits="18" branch="false"/>
            <line number="51" hits="18" branch="false"/>
            <line number="52" hits="18" branch="false"/>
            <line number="53" hits="18" branch="false"/>
            <line number="55" hits="18" branch="false"/>
            <line number="56" hits="18" branch="false"/>
            <line number="57" hits="18" branch="false"/>
            <line number="58" hits="18" branch="false"/>
            <line number="59" hits="18" branch="false"/>
            <line number="60" hits="18" branch="false"/>
            <line number="62" hits="18" branch="false"/>
            <line number="63" hits="18" branch="false"/>
            <line number="64" hits="18" branch="false"/>
            <line number="65" hits="18" branch="false"/>
            <line number="66" hits="18" branch="false"/>
            <line number="82" hits="17" branch="false"/>
            <line number="83" hits="17" branch="false"/>
            <line number="84" hits="17" branch="false"/>
            <line number="85" hits="17" branch="false"/>
            <line number="86" hits="17" branch="false"/>
            <line number="87" hits="17" branch="false"/>
            <line number="88" hits="17" branch="false"/>
            <line number="90" hits="17" branch="false"/>
            <line number="91" hits="17" branch="false"/>
            <line number="92" hits="17" branch="false"/>
            <line number="93" hits="17" branch="false"/>
            <line number="94" hits="17" branch="false"/>
            <line number="95" hits="17" branch="false"/>
            <line number="96" hits="17" branch="false"/>
            <line number="97" hits="17" branch="false"/>
            <line number="98" hits="17" branch="false"/>
            <line number="99" hits="17" branch="false"/>
            <line number="110" hits="7" branch="false"/>
            <line number="111" hits="7" branch="false"/>
            <line number="113" hits="7" branch="false"/>
            <line number="114" hits="7" branch="false"/>
            <line number="115" hits="7" branch="false"/>
            <line number="116" hits="7" branch="false"/>
            <line number="127" hits="7" branch="false"/>
            <line number="128" hits="7" branch="false"/>
            <line number="129" hits="7" branch="false"/>
            <line number="130" hits="7" branch="false"/>
            <line number="131" hits="7" branch="false"/>
            <line number="132" hits="7" branch="false"/>
            <line number="133" hits="7" branch="false"/>
            <line number="135" hits="7" branch="false"/>
            <line number="136" hits="7" branch="false"/>
            <line number="137" hits="7" branch="false"/>
            <line number="138" hits="7" branch="false"/>
          </lines>
        </class>
        <class name="component.R" filename="R/component.R" line-rate="1" branch-rate="0" complexity="0">
          <methods>
            <method name="component" signature="" line-rate="1" branch-rate="0" complexity="0">
              <lines>
                <line number="104" hits="7131" branch="false"/>
                <line number="105" hits="7131" branch="false"/>
                <line number="107" hits="7131" branch="false"/>
                <line number="108" hits="7131" branch="false"/>
                <line number="109" hits="7131" branch="false"/>
                <line number="110" hits="7131" branch="false"/>
                <line number="112" hits="7131" branch="false"/>
                <line number="113" hits="7131" branch="false"/>
                <line number="114" hits="7131" branch="false"/>
                <line number="115" hits="7131" branch="false"/>
                <line number="116" hits="7131" branch="false"/>
                <line number="117" hits="7131" branch="false"/>
                <line number="119" hits="7131" branch="false"/>
                <line number="120" hits="7131" branch="false"/>
                <line number="121" hits="7131" branch="false"/>
                <line number="122" hits="7131" branch="false"/>
                <line number="123" hits="7131" branch="false"/>
                <line number="124" hits="7131" branch="false"/>
                <line number="125" hits="7131" branch="false"/>
                <line number="127" hits="7131" branch="false"/>
                <line number="128" hits="7131" branch="false"/>
                <line number="129" hits="7131" branch="false"/>
                <line number="130" hits="7131" branch="false"/>
                <line number="131" hits="7131" branch="false"/>
                <line number="132" hits="7131" branch="false"/>
                <line number="133" hits="7131" branch="false"/>
                <line number="134" hits="7131" branch="false"/>
                <line number="135" hits="7131" branch="false"/>
                <line number="136" hits="9" branch="false"/>
                <line number="137" hits="9" branch="false"/>
                <line number="138" hits="9" branch="false"/>
                <line number="139" hits="9" branch="false"/>
                <line number="140" hits="7131" branch="false"/>
                <line number="141" hits="64" branch="false"/>
                <line number="142" hits="7131" branch="false"/>
                <line number="143" hits="7131" branch="false"/>
                <line number="144" hits="7131" branch="false"/>
                <line number="145" hits="7131" branch="false"/>
                <line number="146" hits="7131" branch="false"/>
                <line number="148" hits="7131" branch="false"/>
                <line number="149" hits="7131" branch="false"/>
                <line number="150" hits="7131" branch="false"/>
                <line number="151" hits="1223" branch="false"/>
                <line number="152" hits="7131" branch="false"/>
                <line number="153" hits="139" branch="false"/>
                <line number="154" hits="7131" branch="false"/>
                <line number="155" hits="7131" branch="false"/>
                <line number="156" hits="2" branch="false"/>
                <line number="157" hits="2" branch="false"/>
                <line number="158" hits="2" branch="false"/>
                <line number="159" hits="2" branch="false"/>
                <line number="160" hits="2" branch="false"/>
                <line number="161" hits="7131" branch="false"/>
                <line number="162" hits="6" branch="false"/>
                <line number="163" hits="7131" branch="false"/>
                <line number="164" hits="7131" branch="false"/>
                <line number="165" hits="7131" branch="false"/>
                <line number="166" hits="7131" branch="false"/>
                <line number="167" hits="7131" branch="false"/>
                <line number="168" hits="7131" branch="false"/>
                <line number="169" hits="7131" branch="false"/>
                <line number="170" hits="7131" branch="false"/>
                <line number="171" hits="7131" branch="false"/>
                <line number="173" hits="7131" branch="false"/>
                <line number="174" hits="7131" branch="false"/>
                <line number="175" hits="7131" branch="false"/>
                <line number="176" hits="7131" branch="false"/>
                <line number="177" hits="7131" branch="false"/>
                <line number="178" hits="7131" branch="false"/>
                <line number="179" hits="7131" branch="false"/>
                <line number="181" hits="23" branch="false"/>
              </lines>
            </method>
          </methods>
          <lines>
            <line number="104" hits="7131" branch="false"/>
            <line number="105" hits="7131" branch="false"/>
            <line number="107" hits="7131" branch="false"/>
            <line number="108" hits="7131" branch="false"/>
            <line number="109" hits="7131" branch="false"/>
            <line number="110" hits="7131" branch="false"/>
            <line number="112" hits="7131" branch="false"/>
            <line number="113" hits="7131" branch="false"/>
            <line number="114" hits="7131" branch="false"/>
            <line number="115" hits="7131" branch="false"/>
            <line number="116" hits="7131" branch="false"/>
            <line number="117" hits="7131" branch="false"/>
            <line number="119" hits="7131" branch="false"/>
            <line number="120" hits="7131" branch="false"/>
            <line number="121" hits="7131" branch="false"/>
            <line number="122" hits="7131" branch="false"/>
            <line number="123" hits="7131" branch="false"/>
            <line number="124" hits="7131" branch="false"/>
            <line number="125" hits="7131" branch="false"/>
            <line number="127" hits="7131" branch="false"/>
            <line number="128" hits="7131" branch="false"/>
            <line number="129" hits="7131" branch="false"/>
            <line number="130" hits="7131" branch="false"/>
            <line number="131" hits="7131" branch="false"/>
            <line number="132" hits="7131" branch="false"/>
            <line number="133" hits="7131" branch="false"/>
            <line number="134" hits="7131" branch="false"/>
            <line number="135" hits="7131" branch="false"/>
            <line number="136" hits="9" branch="false"/>
            <line number="137" hits="9" branch="false"/>
            <line number="138" hits="9" branch="false"/>
            <line number="139" hits="9" branch="false"/>
            <line number="140" hits="7131" branch="false"/>
            <line number="141" hits="64" branch="false"/>
            <line number="142" hits="7131" branch="false"/>
            <line number="143" hits="7131" branch="false"/>
            <line number="144" hits="7131" branch="false"/>
            <line number="145" hits="7131" branch="false"/>
            <line number="146" hits="7131" branch="false"/>
            <line number="148" hits="7131" branch="false"/>
            <line number="149" hits="7131" branch="false"/>
            <line number="150" hits="7131" branch="false"/>
            <line number="151" hits="1223" branch="false"/>
            <line number="152" hits="7131" branch="false"/>
            <line number="153" hits="139" branch="false"/>
            <line number="154" hits="7131" branch="false"/>
            <line number="155" hits="7131" branch="false"/>
            <line number="156" hits="2" branch="false"/>
            <line number="157" hits="2" branch="false"/>
            <line number="158" hits="2" branch="false"/>
            <line number="159" hits="2" branch="false"/>
            <line number="160" hits="2" branch="false"/>
            <line number="161" hits="7131" branch="false"/>
            <line number="162" hits="6" branch="false"/>
            <line number="163" hits="7131" branch="false"/>
            <line number="164" hits="7131" branch="false"/>
            <line number="165" hits="7131" branch="false"/>
            <line number="166" hits="7131" branch="false"/>
            <line number="167" hits="7131" branch="false"/>
            <line number="168" hits="7131" branch="false"/>
            <line number="169" hits="7131" branch="false"/>
            <line number="170" hits="7131" branch="false"/>
            <line number="171" hits="7131" branch="false"/>
            <line number="173" hits="7131" branch="false"/>
            <line number="174" hits="7131" branch="false"/>
            <line number="175" hits="7131" branch="false"/>
            <line number="176" hits="7131" branch="false"/>
            <line number="177" hits="7131" branch="false"/>
            <line number="178" hits="7131" branch="false"/>
            <line number="179" hits="7131" branch="false"/>
            <line number="181" hits="23" branch="false"/>
          </lines>
        </class>
        <class name="cov_struct.R" filename="R/cov_struct.R" line-rate="0.989795918367347" branch-rate="0" complexity="0">
          <methods>
            <method name="cov_types" signature="" line-rate="1" branch-rate="0" complexity="0">
              <lines>
                <line number="168" hits="2021" branch="false"/>
                <line number="169" hits="2021" branch="false"/>
                <line number="170" hits="2021" branch="false"/>
                <line number="171" hits="2021" branch="false"/>
              </lines>
            </method>
            <method name="cov_type_abbr" signature="" line-rate="1" branch-rate="0" complexity="0">
              <lines>
                <line number="183" hits="362" branch="false"/>
                <line number="184" hits="362" branch="false"/>
              </lines>
            </method>
            <method name="cov_type_name" signature="" line-rate="1" branch-rate="0" complexity="0">
              <lines>
                <line number="196" hits="6" branch="false"/>
                <line number="197" hits="6" branch="false"/>
              </lines>
            </method>
            <method name="tmb_cov_type" signature="" line-rate="1" branch-rate="0" complexity="0">
              <lines>
                <line number="208" hits="329" branch="false"/>
              </lines>
            </method>
            <method name="cov_struct" signature="" line-rate="1" branch-rate="0" complexity="0">
              <lines>
                <line number="244" hits="359" branch="false"/>
                <line number="245" hits="357" branch="false"/>
                <line number="246" hits="357" branch="false"/>
                <line number="247" hits="357" branch="false"/>
                <line number="248" hits="357" branch="false"/>
                <line number="249" hits="357" branch="false"/>
                <line number="250" hits="357" branch="false"/>
                <line number="251" hits="357" branch="false"/>
                <line number="252" hits="357" branch="false"/>
                <line number="256" hits="359" branch="false"/>
                <line number="257" hits="358" branch="false"/>
                <line number="259" hits="358" branch="false"/>
                <line number="260" hits="358" branch="false"/>
                <line number="261" hits="358" branch="false"/>
                <line number="262" hits="358" branch="false"/>
                <line number="263" hits="358" branch="false"/>
                <line number="264" hits="358" branch="false"/>
                <line number="265" hits="358" branch="false"/>
                <line number="266" hits="358" branch="false"/>
                <line number="267" hits="358" branch="false"/>
                <line number="268" hits="358" branch="false"/>
                <line number="270" hits="358" branch="false"/>
              </lines>
            </method>
            <method name="h_reconcile_cov_struct" signature="" line-rate="1" branch-rate="0" complexity="0">
              <lines>
                <line number="283" hits="300" branch="false"/>
                <line number="284" hits="300" branch="false"/>
                <line number="285" hits="300" branch="false"/>
                <line number="286" hits="4" branch="false"/>
                <line number="288" hits="300" branch="false"/>
                <line number="289" hits="2" branch="false"/>
                <line number="290" hits="2" branch="false"/>
                <line number="291" hits="2" branch="false"/>
                <line number="292" hits="2" branch="false"/>
                <line number="295" hits="298" branch="false"/>
                <line number="296" hits="5" branch="false"/>
                <line number="299" hits="293" branch="false"/>
              </lines>
            </method>
            <method name="validate_cov_struct" signature="" line-rate="1" branch-rate="0" complexity="0">
              <lines>
                <line number="312" hits="358" branch="false"/>
                <line number="314" hits="358" branch="false"/>
                <line number="315" hits="358" branch="false"/>
                <line number="316" hits="358" branch="false"/>
                <line number="318" hits="358" branch="false"/>
                <line number="319" hits="4" branch="false"/>
                <line number="320" hits="4" branch="false"/>
                <line number="321" hits="4" branch="false"/>
                <line number="322" hits="358" branch="false"/>
                <line number="324" hits="358" branch="false"/>
                <line number="325" hits="2" branch="false"/>
                <line number="326" hits="2" branch="false"/>
                <line number="327" hits="2" branch="false"/>
                <line number="328" hits="2" branch="false"/>
                <line number="329" hits="358" branch="false"/>
                <line number="330" hits="358" branch="false"/>
                <line number="332" hits="358" branch="false"/>
                <line number="333" hits="352" branch="false"/>
              </lines>
            </method>
            <method name="format.cov_struct" signature="" line-rate="1" branch-rate="0" complexity="0">
              <lines>
                <line number="345" hits="3" branch="false"/>
                <line number="346" hits="3" branch="false"/>
                <line number="347" hits="3" branch="false"/>
                <line number="348" hits="3" branch="false"/>
                <line number="349" hits="3" branch="false"/>
                <line number="350" hits="3" branch="false"/>
                <line number="351" hits="3" branch="false"/>
                <line number="352" hits="3" branch="false"/>
              </lines>
            </method>
            <method name="print.cov_struct" signature="" line-rate="1" branch-rate="0" complexity="0">
              <lines>
                <line number="364" hits="3" branch="false"/>
                <line number="365" hits="3" branch="false"/>
              </lines>
            </method>
            <method name="as.cov_struct" signature="" line-rate="1" branch-rate="0" complexity="0">
              <lines>
                <line number="412" hits="341" branch="false"/>
              </lines>
            </method>
            <method name="as.cov_struct.cov_struct" signature="" line-rate="0" branch-rate="0" complexity="0">
              <lines>
                <line number="417" hits="0" branch="false"/>
              </lines>
            </method>
            <method name="as.cov_struct.formula" signature="" line-rate="1" branch-rate="0" complexity="0">
              <lines>
                <line number="433" hits="341" branch="false"/>
                <line number="435" hits="341" branch="false"/>
                <line number="436" hits="4" branch="false"/>
                <line number="437" hits="4" branch="false"/>
                <line number="438" hits="4" branch="false"/>
                <line number="439" hits="4" branch="false"/>
                <line number="440" hits="4" branch="false"/>
                <line number="443" hits="337" branch="false"/>
                <line number="444" hits="1" branch="false"/>
                <line number="445" hits="1" branch="false"/>
                <line number="446" hits="1" branch="false"/>
                <line number="447" hits="1" branch="false"/>
                <line number="448" hits="1" branch="false"/>
                <line number="449" hits="1" branch="false"/>
                <line number="453" hits="336" branch="false"/>
                <line number="454" hits="336" branch="false"/>
                <line number="455" hits="336" branch="false"/>
                <line number="458" hits="336" branch="false"/>
                <line number="459" hits="336" branch="false"/>
                <line number="460" hits="336" branch="false"/>
                <line number="463" hits="336" branch="false"/>
                <line number="464" hits="336" branch="false"/>
                <line number="465" hits="336" branch="false"/>
                <line number="468" hits="336" branch="false"/>
                <line number="470" hits="336" branch="false"/>
              </lines>
            </method>
          </methods>
          <lines>
            <line number="168" hits="2021" branch="false"/>
            <line number="169" hits="2021" branch="false"/>
            <line number="170" hits="2021" branch="false"/>
            <line number="171" hits="2021" branch="false"/>
            <line number="183" hits="362" branch="false"/>
            <line number="184" hits="362" branch="false"/>
            <line number="196" hits="6" branch="false"/>
            <line number="197" hits="6" branch="false"/>
            <line number="208" hits="329" branch="false"/>
            <line number="244" hits="359" branch="false"/>
            <line number="245" hits="357" branch="false"/>
            <line number="246" hits="357" branch="false"/>
            <line number="247" hits="357" branch="false"/>
            <line number="248" hits="357" branch="false"/>
            <line number="249" hits="357" branch="false"/>
            <line number="250" hits="357" branch="false"/>
            <line number="251" hits="357" branch="false"/>
            <line number="252" hits="357" branch="false"/>
            <line number="256" hits="359" branch="false"/>
            <line number="257" hits="358" branch="false"/>
            <line number="259" hits="358" branch="false"/>
            <line number="260" hits="358" branch="false"/>
            <line number="261" hits="358" branch="false"/>
            <line number="262" hits="358" branch="false"/>
            <line number="263" hits="358" branch="false"/>
            <line number="264" hits="358" branch="false"/>
            <line number="265" hits="358" branch="false"/>
            <line number="266" hits="358" branch="false"/>
            <line number="267" hits="358" branch="false"/>
            <line number="268" hits="358" branch="false"/>
            <line number="270" hits="358" branch="false"/>
            <line number="283" hits="300" branch="false"/>
            <line number="284" hits="300" branch="false"/>
            <line number="285" hits="300" branch="false"/>
            <line number="286" hits="4" branch="false"/>
            <line number="288" hits="300" branch="false"/>
            <line number="289" hits="2" branch="false"/>
            <line number="290" hits="2" branch="false"/>
            <line number="291" hits="2" branch="false"/>
            <line number="292" hits="2" branch="false"/>
            <line number="295" hits="298" branch="false"/>
            <line number="296" hits="5" branch="false"/>
            <line number="299" hits="293" branch="false"/>
            <line number="312" hits="358" branch="false"/>
            <line number="314" hits="358" branch="false"/>
            <line number="315" hits="358" branch="false"/>
            <line number="316" hits="358" branch="false"/>
            <line number="318" hits="358" branch="false"/>
            <line number="319" hits="4" branch="false"/>
            <line number="320" hits="4" branch="false"/>
            <line number="321" hits="4" branch="false"/>
            <line number="322" hits="358" branch="false"/>
            <line number="324" hits="358" branch="false"/>
            <line number="325" hits="2" branch="false"/>
            <line number="326" hits="2" branch="false"/>
            <line number="327" hits="2" branch="false"/>
            <line number="328" hits="2" branch="false"/>
            <line number="329" hits="358" branch="false"/>
            <line number="330" hits="358" branch="false"/>
            <line number="332" hits="358" branch="false"/>
            <line number="333" hits="352" branch="false"/>
            <line number="345" hits="3" branch="false"/>
            <line number="346" hits="3" branch="false"/>
            <line number="347" hits="3" branch="false"/>
            <line number="348" hits="3" branch="false"/>
            <line number="349" hits="3" branch="false"/>
            <line number="350" hits="3" branch="false"/>
            <line number="351" hits="3" branch="false"/>
            <line number="352" hits="3" branch="false"/>
            <line number="364" hits="3" branch="false"/>
            <line number="365" hits="3" branch="false"/>
            <line number="412" hits="341" branch="false"/>
            <line number="417" hits="0" branch="false"/>
            <line number="433" hits="341" branch="false"/>
            <line number="435" hits="341" branch="false"/>
            <line number="436" hits="4" branch="false"/>
            <line number="437" hits="4" branch="false"/>
            <line number="438" hits="4" branch="false"/>
            <line number="439" hits="4" branch="false"/>
            <line number="440" hits="4" branch="false"/>
            <line number="443" hits="337" branch="false"/>
            <line number="444" hits="1" branch="false"/>
            <line number="445" hits="1" branch="false"/>
            <line number="446" hits="1" branch="false"/>
            <line number="447" hits="1" branch="false"/>
            <line number="448" hits="1" branch="false"/>
            <line number="449" hits="1" branch="false"/>
            <line number="453" hits="336" branch="false"/>
            <line number="454" hits="336" branch="false"/>
            <line number="455" hits="336" branch="false"/>
            <line number="458" hits="336" branch="false"/>
            <line number="459" hits="336" branch="false"/>
            <line number="460" hits="336" branch="false"/>
            <line number="463" hits="336" branch="false"/>
            <line number="464" hits="336" branch="false"/>
            <line number="465" hits="336" branch="false"/>
            <line number="468" hits="336" branch="false"/>
            <line number="470" hits="336" branch="false"/>
          </lines>
        </class>
        <class name="empirical.R" filename="R/empirical.R" line-rate="1" branch-rate="0" complexity="0">
          <methods>
            <method name="h_get_empirical" signature="" line-rate="1" branch-rate="0" complexity="0">
              <lines>
                <line number="25" hits="40" branch="false"/>
                <line number="26" hits="40" branch="false"/>
                <line number="27" hits="40" branch="false"/>
                <line number="28" hits="40" branch="false"/>
                <line number="29" hits="40" branch="false"/>
                <line number="30" hits="40" branch="false"/>
                <line number="31" hits="40" branch="false"/>
                <line number="32" hits="40" branch="false"/>
                <line number="33" hits="40" branch="false"/>
                <line number="34" hits="40" branch="false"/>
                <line number="35" hits="40" branch="false"/>
                <line number="36" hits="40" branch="false"/>
                <line number="37" hits="40" branch="false"/>
                <line number="38" hits="40" branch="false"/>
                <line number="39" hits="40" branch="false"/>
                <line number="40" hits="40" branch="false"/>
                <line number="41" hits="40" branch="false"/>
                <line number="42" hits="40" branch="false"/>
                <line number="43" hits="40" branch="false"/>
                <line number="44" hits="40" branch="false"/>
                <line number="45" hits="40" branch="false"/>
                <line number="46" hits="40" branch="false"/>
                <line number="47" hits="40" branch="false"/>
                <line number="48" hits="40" branch="false"/>
              </lines>
            </method>
          </methods>
          <lines>
            <line number="25" hits="40" branch="false"/>
            <line number="26" hits="40" branch="false"/>
            <line number="27" hits="40" branch="false"/>
            <line number="28" hits="40" branch="false"/>
            <line number="29" hits="40" branch="false"/>
            <line number="30" hits="40" branch="false"/>
            <line number="31" hits="40" branch="false"/>
            <line number="32" hits="40" branch="false"/>
            <line number="33" hits="40" branch="false"/>
            <line number="34" hits="40" branch="false"/>
            <line number="35" hits="40" branch="false"/>
            <line number="36" hits="40" branch="false"/>
            <line number="37" hits="40" branch="false"/>
            <line number="38" hits="40" branch="false"/>
            <line number="39" hits="40" branch="false"/>
            <line number="40" hits="40" branch="false"/>
            <line number="41" hits="40" branch="false"/>
            <line number="42" hits="40" branch="false"/>
            <line number="43" hits="40" branch="false"/>
            <line number="44" hits="40" branch="false"/>
            <line number="45" hits="40" branch="false"/>
            <line number="46" hits="40" branch="false"/>
            <line number="47" hits="40" branch="false"/>
            <line number="48" hits="40" branch="false"/>
          </lines>
        </class>
        <class name="fit.R" filename="R/fit.R" line-rate="0.989655172413793" branch-rate="0" complexity="0">
          <methods>
            <method name="fit_single_optimizer" signature="" line-rate="1" branch-rate="0" complexity="0">
              <lines>
                <line number="45" hits="248" branch="false"/>
                <line number="47" hits="248" branch="false"/>
                <line number="48" hits="248" branch="false"/>
                <line number="49" hits="248" branch="false"/>
                <line number="50" hits="248" branch="false"/>
                <line number="51" hits="248" branch="false"/>
                <line number="52" hits="248" branch="false"/>
                <line number="53" hits="248" branch="false"/>
                <line number="54" hits="248" branch="false"/>
                <line number="55" hits="248" branch="false"/>
                <line number="56" hits="14" branch="false"/>
                <line number="57" hits="13" branch="false"/>
                <line number="58" hits="13" branch="false"/>
                <line number="59" hits="13" branch="false"/>
                <line number="60" hits="13" branch="false"/>
                <line number="61" hits="13" branch="false"/>
                <line number="62" hits="13" branch="false"/>
                <line number="63" hits="13" branch="false"/>
                <line number="64" hits="13" branch="false"/>
                <line number="65" hits="13" branch="false"/>
                <line number="66" hits="13" branch="false"/>
                <line number="67" hits="13" branch="false"/>
                <line number="68" hits="13" branch="false"/>
                <line number="69" hits="13" branch="false"/>
                <line number="70" hits="13" branch="false"/>
                <line number="71" hits="13" branch="false"/>
                <line number="72" hits="13" branch="false"/>
                <line number="73" hits="13" branch="false"/>
                <line number="74" hits="13" branch="false"/>
                <line number="75" hits="13" branch="false"/>
                <line number="76" hits="13" branch="false"/>
                <line number="77" hits="13" branch="false"/>
                <line number="79" hits="234" branch="false"/>
                <line number="80" hits="234" branch="false"/>
                <line number="81" hits="234" branch="false"/>
                <line number="82" hits="234" branch="false"/>
                <line number="83" hits="234" branch="false"/>
                <line number="84" hits="234" branch="false"/>
                <line number="85" hits="234" branch="false"/>
                <line number="86" hits="234" branch="false"/>
                <line number="87" hits="234" branch="false"/>
                <line number="88" hits="234" branch="false"/>
                <line number="89" hits="234" branch="false"/>
                <line number="91" hits="247" branch="false"/>
                <line number="92" hits="4" branch="false"/>
                <line number="94" hits="243" branch="false"/>
                <line number="95" hits="243" branch="false"/>
                <line number="96" hits="243" branch="false"/>
                <line number="97" hits="243" branch="false"/>
                <line number="98" hits="243" branch="false"/>
                <line number="99" hits="243" branch="false"/>
                <line number="100" hits="243" branch="false"/>
                <line number="101" hits="243" branch="false"/>
                <line number="102" hits="243" branch="false"/>
                <line number="103" hits="243" branch="false"/>
                <line number="104" hits="243" branch="false"/>
              </lines>
            </method>
            <method name="h_summarize_all_fits" signature="" line-rate="1" branch-rate="0" complexity="0">
              <lines>
                <line number="114" hits="5" branch="false"/>
                <line number="115" hits="5" branch="false"/>
                <line number="117" hits="5" branch="false"/>
                <line number="118" hits="5" branch="false"/>
                <line number="119" hits="5" branch="false"/>
                <line number="120" hits="5" branch="false"/>
                <line number="121" hits="5" branch="false"/>
                <line number="122" hits="5" branch="false"/>
                <line number="123" hits="5" branch="false"/>
                <line number="124" hits="5" branch="false"/>
                <line number="125" hits="5" branch="false"/>
                <line number="126" hits="5" branch="false"/>
                <line number="127" hits="5" branch="false"/>
                <line number="128" hits="5" branch="false"/>
                <line number="129" hits="5" branch="false"/>
                <line number="131" hits="5" branch="false"/>
                <line number="132" hits="5" branch="false"/>
                <line number="133" hits="5" branch="false"/>
                <line number="134" hits="5" branch="false"/>
                <line number="135" hits="5" branch="false"/>
                <line number="136" hits="5" branch="false"/>
              </lines>
            </method>
            <method name="refit_multiple_optimizers" signature="" line-rate="1" branch-rate="0" complexity="0">
              <lines>
                <line number="161" hits="3" branch="false"/>
                <line number="162" hits="3" branch="false"/>
                <line number="164" hits="3" branch="false"/>
                <line number="165" hits="3" branch="false"/>
                <line number="166" hits="3" branch="false"/>
                <line number="167" hits="3" branch="false"/>
                <line number="168" hits="3" branch="false"/>
                <line number="169" hits="3" branch="false"/>
                <line number="170" hits="3" branch="false"/>
                <line number="171" hits="3" branch="false"/>
                <line number="172" hits="3" branch="false"/>
                <line number="173" hits="3" branch="false"/>
                <line number="174" hits="3" branch="false"/>
                <line number="175" hits="3" branch="false"/>
                <line number="178" hits="3" branch="false"/>
                <line number="179" hits="3" branch="false"/>
                <line number="180" hits="3" branch="false"/>
                <line number="181" hits="3" branch="false"/>
                <line number="182" hits="3" branch="false"/>
                <line number="183" hits="3" branch="false"/>
                <line number="184" hits="3" branch="false"/>
                <line number="185" hits="3" branch="false"/>
                <line number="186" hits="3" branch="false"/>
                <line number="187" hits="3" branch="false"/>
                <line number="188" hits="3" branch="false"/>
                <line number="189" hits="3" branch="false"/>
                <line number="192" hits="3" branch="false"/>
                <line number="193" hits="3" branch="false"/>
                <line number="194" hits="3" branch="false"/>
                <line number="195" hits="1" branch="false"/>
                <line number="196" hits="1" branch="false"/>
                <line number="197" hits="1" branch="false"/>
                <line number="198" hits="1" branch="false"/>
                <line number="200" hits="2" branch="false"/>
                <line number="201" hits="2" branch="false"/>
              </lines>
            </method>
            <method name="mmrm_control" signature="" line-rate="1" branch-rate="0" complexity="0">
              <lines>
                <line number="297" hits="310" branch="false"/>
                <line number="298" hits="310" branch="false"/>
                <line number="299" hits="310" branch="false"/>
                <line number="300" hits="310" branch="false"/>
                <line number="301" hits="1" branch="false"/>
                <line number="303" hits="310" branch="false"/>
                <line number="304" hits="310" branch="false"/>
                <line number="305" hits="310" branch="false"/>
                <line number="306" hits="310" branch="false"/>
                <line number="307" hits="310" branch="false"/>
                <line number="308" hits="310" branch="false"/>
                <line number="309" hits="310" branch="false"/>
                <line number="310" hits="310" branch="false"/>
                <line number="311" hits="310" branch="false"/>
                <line number="312" hits="310" branch="false"/>
                <line number="313" hits="310" branch="false"/>
                <line number="314" hits="310" branch="false"/>
                <line number="315" hits="253" branch="false"/>
                <line number="317" hits="310" branch="false"/>
                <line number="318" hits="310" branch="false"/>
                <line number="319" hits="310" branch="false"/>
                <line number="320" hits="310" branch="false"/>
                <line number="321" hits="310" branch="false"/>
                <line number="322" hits="310" branch="false"/>
                <line number="323" hits="310" branch="false"/>
                <line number="324" hits="310" branch="false"/>
                <line number="325" hits="310" branch="false"/>
                <line number="326" hits="310" branch="false"/>
                <line number="327" hits="310" branch="false"/>
                <line number="329" hits="310" branch="false"/>
                <line number="330" hits="310" branch="false"/>
                <line number="331" hits="310" branch="false"/>
                <line number="332" hits="310" branch="false"/>
                <line number="334" hits="5" branch="false"/>
                <line number="335" hits="5" branch="false"/>
                <line number="336" hits="5" branch="false"/>
                <line number="337" hits="5" branch="false"/>
                <line number="339" hits="305" branch="false"/>
                <line number="340" hits="4" branch="false"/>
                <line number="341" hits="1" branch="false"/>
                <line number="343" hits="3" branch="false"/>
                <line number="344" hits="3" branch="false"/>
                <line number="345" hits="3" branch="false"/>
                <line number="346" hits="3" branch="false"/>
                <line number="347" hits="3" branch="false"/>
                <line number="348" hits="3" branch="false"/>
                <line number="349" hits="3" branch="false"/>
                <line number="350" hits="1" branch="false"/>
                <line number="351" hits="1" branch="false"/>
                <line number="352" hits="1" branch="false"/>
                <line number="353" hits="1" branch="false"/>
                <line number="356" hits="303" branch="false"/>
                <line number="357" hits="303" branch="false"/>
                <line number="358" hits="303" branch="false"/>
                <line number="359" hits="303" branch="false"/>
                <line number="360" hits="303" branch="false"/>
                <line number="361" hits="303" branch="false"/>
                <line number="362" hits="303" branch="false"/>
                <line number="363" hits="303" branch="false"/>
                <line number="364" hits="303" branch="false"/>
                <line number="365" hits="303" branch="false"/>
                <line number="366" hits="303" branch="false"/>
                <line number="367" hits="303" branch="false"/>
                <line number="368" hits="303" branch="false"/>
                <line number="369" hits="303" branch="false"/>
              </lines>
            </method>
            <method name="mmrm" signature="" line-rate="0.973451327433628" branch-rate="0" complexity="0">
              <lines>
                <line number="495" hits="236" branch="false"/>
                <line number="496" hits="235" branch="false"/>
                <line number="497" hits="230" branch="false"/>
                <line number="498" hits="230" branch="false"/>
                <line number="499" hits="229" branch="false"/>
                <line number="501" hits="229" branch="false"/>
                <line number="502" hits="0" branch="false"/>
                <line number="504" hits="229" branch="false"/>
                <line number="505" hits="228" branch="false"/>
                <line number="506" hits="227" branch="false"/>
                <line number="507" hits="227" branch="false"/>
                <line number="509" hits="227" branch="false"/>
                <line number="510" hits="226" branch="false"/>
                <line number="513" hits="1" branch="false"/>
                <line number="516" hits="227" branch="false"/>
                <line number="517" hits="211" branch="false"/>
                <line number="519" hits="16" branch="false"/>
                <line number="523" hits="227" branch="false"/>
                <line number="524" hits="8" branch="false"/>
                <line number="527" hits="226" branch="false"/>
                <line number="528" hits="226" branch="false"/>
                <line number="529" hits="226" branch="false"/>
                <line number="530" hits="226" branch="false"/>
                <line number="531" hits="226" branch="false"/>
                <line number="532" hits="226" branch="false"/>
                <line number="533" hits="226" branch="false"/>
                <line number="534" hits="226" branch="false"/>
                <line number="535" hits="226" branch="false"/>
                <line number="536" hits="226" branch="false"/>
                <line number="537" hits="225" branch="false"/>
                <line number="538" hits="225" branch="false"/>
                <line number="539" hits="225" branch="false"/>
                <line number="540" hits="225" branch="false"/>
                <line number="541" hits="225" branch="false"/>
                <line number="542" hits="225" branch="false"/>
                <line number="543" hits="225" branch="false"/>
                <line number="544" hits="225" branch="false"/>
                <line number="545" hits="225" branch="false"/>
                <line number="546" hits="6" branch="false"/>
                <line number="547" hits="6" branch="false"/>
                <line number="548" hits="6" branch="false"/>
                <line number="549" hits="6" branch="false"/>
                <line number="550" hits="6" branch="false"/>
                <line number="551" hits="6" branch="false"/>
                <line number="552" hits="225" branch="false"/>
                <line number="553" hits="225" branch="false"/>
                <line number="554" hits="225" branch="false"/>
                <line number="555" hits="222" branch="false"/>
                <line number="556" hits="4" branch="false"/>
                <line number="557" hits="4" branch="false"/>
                <line number="558" hits="2" branch="false"/>
                <line number="559" hits="2" branch="false"/>
                <line number="560" hits="2" branch="false"/>
                <line number="561" hits="2" branch="false"/>
                <line number="563" hits="2" branch="false"/>
                <line number="564" hits="2" branch="false"/>
                <line number="565" hits="2" branch="false"/>
                <line number="566" hits="2" branch="false"/>
                <line number="567" hits="2" branch="false"/>
                <line number="568" hits="2" branch="false"/>
                <line number="569" hits="2" branch="false"/>
                <line number="570" hits="2" branch="false"/>
                <line number="571" hits="2" branch="false"/>
                <line number="572" hits="2" branch="false"/>
                <line number="573" hits="2" branch="false"/>
                <line number="574" hits="2" branch="false"/>
                <line number="575" hits="2" branch="false"/>
                <line number="576" hits="2" branch="false"/>
                <line number="577" hits="2" branch="false"/>
                <line number="580" hits="219" branch="false"/>
                <line number="581" hits="219" branch="false"/>
                <line number="582" hits="0" branch="false"/>
                <line number="584" hits="219" branch="false"/>
                <line number="585" hits="219" branch="false"/>
                <line number="586" hits="219" branch="false"/>
                <line number="587" hits="219" branch="false"/>
                <line number="588" hits="219" branch="false"/>
                <line number="589" hits="51" branch="false"/>
                <line number="590" hits="51" branch="false"/>
                <line number="591" hits="51" branch="false"/>
                <line number="592" hits="51" branch="false"/>
                <line number="593" hits="51" branch="false"/>
                <line number="594" hits="51" branch="false"/>
                <line number="595" hits="51" branch="false"/>
                <line number="596" hits="51" branch="false"/>
                <line number="597" hits="51" branch="false"/>
                <line number="599" hits="168" branch="false"/>
                <line number="600" hits="168" branch="false"/>
                <line number="602" hits="37" branch="false"/>
                <line number="603" hits="37" branch="false"/>
                <line number="604" hits="37" branch="false"/>
                <line number="605" hits="37" branch="false"/>
                <line number="606" hits="37" branch="false"/>
                <line number="607" hits="37" branch="false"/>
                <line number="608" hits="37" branch="false"/>
                <line number="609" hits="37" branch="false"/>
                <line number="610" hits="37" branch="false"/>
                <line number="611" hits="37" branch="false"/>
                <line number="612" hits="37" branch="false"/>
                <line number="613" hits="131" branch="false"/>
                <line number="616" hits="131" branch="false"/>
                <line number="617" hits="129" branch="false"/>
                <line number="620" hits="0" branch="false"/>
                <line number="624" hits="219" branch="false"/>
                <line number="625" hits="219" branch="false"/>
                <line number="629" hits="7" branch="false"/>
                <line number="630" hits="7" branch="false"/>
                <line number="631" hits="7" branch="false"/>
                <line number="632" hits="7" branch="false"/>
                <line number="633" hits="7" branch="false"/>
                <line number="634" hits="7" branch="false"/>
                <line number="637" hits="219" branch="false"/>
                <line number="638" hits="219" branch="false"/>
              </lines>
            </method>
          </methods>
          <lines>
            <line number="45" hits="248" branch="false"/>
            <line number="47" hits="248" branch="false"/>
            <line number="48" hits="248" branch="false"/>
            <line number="49" hits="248" branch="false"/>
            <line number="50" hits="248" branch="false"/>
            <line number="51" hits="248" branch="false"/>
            <line number="52" hits="248" branch="false"/>
            <line number="53" hits="248" branch="false"/>
            <line number="54" hits="248" branch="false"/>
            <line number="55" hits="248" branch="false"/>
            <line number="56" hits="14" branch="false"/>
            <line number="57" hits="13" branch="false"/>
            <line number="58" hits="13" branch="false"/>
            <line number="59" hits="13" branch="false"/>
            <line number="60" hits="13" branch="false"/>
            <line number="61" hits="13" branch="false"/>
            <line number="62" hits="13" branch="false"/>
            <line number="63" hits="13" branch="false"/>
            <line number="64" hits="13" branch="false"/>
            <line number="65" hits="13" branch="false"/>
            <line number="66" hits="13" branch="false"/>
            <line number="67" hits="13" branch="false"/>
            <line number="68" hits="13" branch="false"/>
            <line number="69" hits="13" branch="false"/>
            <line number="70" hits="13" branch="false"/>
            <line number="71" hits="13" branch="false"/>
            <line number="72" hits="13" branch="false"/>
            <line number="73" hits="13" branch="false"/>
            <line number="74" hits="13" branch="false"/>
            <line number="75" hits="13" branch="false"/>
            <line number="76" hits="13" branch="false"/>
            <line number="77" hits="13" branch="false"/>
            <line number="79" hits="234" branch="false"/>
            <line number="80" hits="234" branch="false"/>
            <line number="81" hits="234" branch="false"/>
            <line number="82" hits="234" branch="false"/>
            <line number="83" hits="234" branch="false"/>
            <line number="84" hits="234" branch="false"/>
            <line number="85" hits="234" branch="false"/>
            <line number="86" hits="234" branch="false"/>
            <line number="87" hits="234" branch="false"/>
            <line number="88" hits="234" branch="false"/>
            <line number="89" hits="234" branch="false"/>
            <line number="91" hits="247" branch="false"/>
            <line number="92" hits="4" branch="false"/>
            <line number="94" hits="243" branch="false"/>
            <line number="95" hits="243" branch="false"/>
            <line number="96" hits="243" branch="false"/>
            <line number="97" hits="243" branch="false"/>
            <line number="98" hits="243" branch="false"/>
            <line number="99" hits="243" branch="false"/>
            <line number="100" hits="243" branch="false"/>
            <line number="101" hits="243" branch="false"/>
            <line number="102" hits="243" branch="false"/>
            <line number="103" hits="243" branch="false"/>
            <line number="104" hits="243" branch="false"/>
            <line number="114" hits="5" branch="false"/>
            <line number="115" hits="5" branch="false"/>
            <line number="117" hits="5" branch="false"/>
            <line number="118" hits="5" branch="false"/>
            <line number="119" hits="5" branch="false"/>
            <line number="120" hits="5" branch="false"/>
            <line number="121" hits="5" branch="false"/>
            <line number="122" hits="5" branch="false"/>
            <line number="123" hits="5" branch="false"/>
            <line number="124" hits="5" branch="false"/>
            <line number="125" hits="5" branch="false"/>
            <line number="126" hits="5" branch="false"/>
            <line number="127" hits="5" branch="false"/>
            <line number="128" hits="5" branch="false"/>
            <line number="129" hits="5" branch="false"/>
            <line number="131" hits="5" branch="false"/>
            <line number="132" hits="5" branch="false"/>
            <line number="133" hits="5" branch="false"/>
            <line number="134" hits="5" branch="false"/>
            <line number="135" hits="5" branch="false"/>
            <line number="136" hits="5" branch="false"/>
            <line number="161" hits="3" branch="false"/>
            <line number="162" hits="3" branch="false"/>
            <line number="164" hits="3" branch="false"/>
            <line number="165" hits="3" branch="false"/>
            <line number="166" hits="3" branch="false"/>
            <line number="167" hits="3" branch="false"/>
            <line number="168" hits="3" branch="false"/>
            <line number="169" hits="3" branch="false"/>
            <line number="170" hits="3" branch="false"/>
            <line number="171" hits="3" branch="false"/>
            <line number="172" hits="3" branch="false"/>
            <line number="173" hits="3" branch="false"/>
            <line number="174" hits="3" branch="false"/>
            <line number="175" hits="3" branch="false"/>
            <line number="178" hits="3" branch="false"/>
            <line number="179" hits="3" branch="false"/>
            <line number="180" hits="3" branch="false"/>
            <line number="181" hits="3" branch="false"/>
            <line number="182" hits="3" branch="false"/>
            <line number="183" hits="3" branch="false"/>
            <line number="184" hits="3" branch="false"/>
            <line number="185" hits="3" branch="false"/>
            <line number="186" hits="3" branch="false"/>
            <line number="187" hits="3" branch="false"/>
            <line number="188" hits="3" branch="false"/>
            <line number="189" hits="3" branch="false"/>
            <line number="192" hits="3" branch="false"/>
            <line number="193" hits="3" branch="false"/>
            <line number="194" hits="3" branch="false"/>
            <line number="195" hits="1" branch="false"/>
            <line number="196" hits="1" branch="false"/>
            <line number="197" hits="1" branch="false"/>
            <line number="198" hits="1" branch="false"/>
            <line number="200" hits="2" branch="false"/>
            <line number="201" hits="2" branch="false"/>
            <line number="297" hits="310" branch="false"/>
            <line number="298" hits="310" branch="false"/>
            <line number="299" hits="310" branch="false"/>
            <line number="300" hits="310" branch="false"/>
            <line number="301" hits="1" branch="false"/>
            <line number="303" hits="310" branch="false"/>
            <line number="304" hits="310" branch="false"/>
            <line number="305" hits="310" branch="false"/>
            <line number="306" hits="310" branch="false"/>
            <line number="307" hits="310" branch="false"/>
            <line number="308" hits="310" branch="false"/>
            <line number="309" hits="310" branch="false"/>
            <line number="310" hits="310" branch="false"/>
            <line number="311" hits="310" branch="false"/>
            <line number="312" hits="310" branch="false"/>
            <line number="313" hits="310" branch="false"/>
            <line number="314" hits="310" branch="false"/>
            <line number="315" hits="253" branch="false"/>
            <line number="317" hits="310" branch="false"/>
            <line number="318" hits="310" branch="false"/>
            <line number="319" hits="310" branch="false"/>
            <line number="320" hits="310" branch="false"/>
            <line number="321" hits="310" branch="false"/>
            <line number="322" hits="310" branch="false"/>
            <line number="323" hits="310" branch="false"/>
            <line number="324" hits="310" branch="false"/>
            <line number="325" hits="310" branch="false"/>
            <line number="326" hits="310" branch="false"/>
            <line number="327" hits="310" branch="false"/>
            <line number="329" hits="310" branch="false"/>
            <line number="330" hits="310" branch="false"/>
            <line number="331" hits="310" branch="false"/>
            <line number="332" hits="310" branch="false"/>
            <line number="334" hits="5" branch="false"/>
            <line number="335" hits="5" branch="false"/>
            <line number="336" hits="5" branch="false"/>
            <line number="337" hits="5" branch="false"/>
            <line number="339" hits="305" branch="false"/>
            <line number="340" hits="4" branch="false"/>
            <line number="341" hits="1" branch="false"/>
            <line number="343" hits="3" branch="false"/>
            <line number="344" hits="3" branch="false"/>
            <line number="345" hits="3" branch="false"/>
            <line number="346" hits="3" branch="false"/>
            <line number="347" hits="3" branch="false"/>
            <line number="348" hits="3" branch="false"/>
            <line number="349" hits="3" branch="false"/>
            <line number="350" hits="1" branch="false"/>
            <line number="351" hits="1" branch="false"/>
            <line number="352" hits="1" branch="false"/>
            <line number="353" hits="1" branch="false"/>
            <line number="356" hits="303" branch="false"/>
            <line number="357" hits="303" branch="false"/>
            <line number="358" hits="303" branch="false"/>
            <line number="359" hits="303" branch="false"/>
            <line number="360" hits="303" branch="false"/>
            <line number="361" hits="303" branch="false"/>
            <line number="362" hits="303" branch="false"/>
            <line number="363" hits="303" branch="false"/>
            <line number="364" hits="303" branch="false"/>
            <line number="365" hits="303" branch="false"/>
            <line number="366" hits="303" branch="false"/>
            <line number="367" hits="303" branch="false"/>
            <line number="368" hits="303" branch="false"/>
            <line number="369" hits="303" branch="false"/>
            <line number="495" hits="236" branch="false"/>
            <line number="496" hits="235" branch="false"/>
            <line number="497" hits="230" branch="false"/>
            <line number="498" hits="230" branch="false"/>
            <line number="499" hits="229" branch="false"/>
            <line number="501" hits="229" branch="false"/>
            <line number="502" hits="0" branch="false"/>
            <line number="504" hits="229" branch="false"/>
            <line number="505" hits="228" branch="false"/>
            <line number="506" hits="227" branch="false"/>
            <line number="507" hits="227" branch="false"/>
            <line number="509" hits="227" branch="false"/>
            <line number="510" hits="226" branch="false"/>
            <line number="513" hits="1" branch="false"/>
            <line number="516" hits="227" branch="false"/>
            <line number="517" hits="211" branch="false"/>
            <line number="519" hits="16" branch="false"/>
            <line number="523" hits="227" branch="false"/>
            <line number="524" hits="8" branch="false"/>
            <line number="527" hits="226" branch="false"/>
            <line number="528" hits="226" branch="false"/>
            <line number="529" hits="226" branch="false"/>
            <line number="530" hits="226" branch="false"/>
            <line number="531" hits="226" branch="false"/>
            <line number="532" hits="226" branch="false"/>
            <line number="533" hits="226" branch="false"/>
            <line number="534" hits="226" branch="false"/>
            <line number="535" hits="226" branch="false"/>
            <line number="536" hits="226" branch="false"/>
            <line number="537" hits="225" branch="false"/>
            <line number="538" hits="225" branch="false"/>
            <line number="539" hits="225" branch="false"/>
            <line number="540" hits="225" branch="false"/>
            <line number="541" hits="225" branch="false"/>
            <line number="542" hits="225" branch="false"/>
            <line number="543" hits="225" branch="false"/>
            <line number="544" hits="225" branch="false"/>
            <line number="545" hits="225" branch="false"/>
            <line number="546" hits="6" branch="false"/>
            <line number="547" hits="6" branch="false"/>
            <line number="548" hits="6" branch="false"/>
            <line number="549" hits="6" branch="false"/>
            <line number="550" hits="6" branch="false"/>
            <line number="551" hits="6" branch="false"/>
            <line number="552" hits="225" branch="false"/>
            <line number="553" hits="225" branch="false"/>
            <line number="554" hits="225" branch="false"/>
            <line number="555" hits="222" branch="false"/>
            <line number="556" hits="4" branch="false"/>
            <line number="557" hits="4" branch="false"/>
            <line number="558" hits="2" branch="false"/>
            <line number="559" hits="2" branch="false"/>
            <line number="560" hits="2" branch="false"/>
            <line number="561" hits="2" branch="false"/>
            <line number="563" hits="2" branch="false"/>
            <line number="564" hits="2" branch="false"/>
            <line number="565" hits="2" branch="false"/>
            <line number="566" hits="2" branch="false"/>
            <line number="567" hits="2" branch="false"/>
            <line number="568" hits="2" branch="false"/>
            <line number="569" hits="2" branch="false"/>
            <line number="570" hits="2" branch="false"/>
            <line number="571" hits="2" branch="false"/>
            <line number="572" hits="2" branch="false"/>
            <line number="573" hits="2" branch="false"/>
            <line number="574" hits="2" branch="false"/>
            <line number="575" hits="2" branch="false"/>
            <line number="576" hits="2" branch="false"/>
            <line number="577" hits="2" branch="false"/>
            <line number="580" hits="219" branch="false"/>
            <line number="581" hits="219" branch="false"/>
            <line number="582" hits="0" branch="false"/>
            <line number="584" hits="219" branch="false"/>
            <line number="585" hits="219" branch="false"/>
            <line number="586" hits="219" branch="false"/>
            <line number="587" hits="219" branch="false"/>
            <line number="588" hits="219" branch="false"/>
            <line number="589" hits="51" branch="false"/>
            <line number="590" hits="51" branch="false"/>
            <line number="591" hits="51" branch="false"/>
            <line number="592" hits="51" branch="false"/>
            <line number="593" hits="51" branch="false"/>
            <line number="594" hits="51" branch="false"/>
            <line number="595" hits="51" branch="false"/>
            <line number="596" hits="51" branch="false"/>
            <line number="597" hits="51" branch="false"/>
            <line number="599" hits="168" branch="false"/>
            <line number="600" hits="168" branch="false"/>
            <line number="602" hits="37" branch="false"/>
            <line number="603" hits="37" branch="false"/>
            <line number="604" hits="37" branch="false"/>
            <line number="605" hits="37" branch="false"/>
            <line number="606" hits="37" branch="false"/>
            <line number="607" hits="37" branch="false"/>
            <line number="608" hits="37" branch="false"/>
            <line number="609" hits="37" branch="false"/>
            <line number="610" hits="37" branch="false"/>
            <line number="611" hits="37" branch="false"/>
            <line number="612" hits="37" branch="false"/>
            <line number="613" hits="131" branch="false"/>
            <line number="616" hits="131" branch="false"/>
            <line number="617" hits="129" branch="false"/>
            <line number="620" hits="0" branch="false"/>
            <line number="624" hits="219" branch="false"/>
            <line number="625" hits="219" branch="false"/>
            <line number="629" hits="7" branch="false"/>
            <line number="630" hits="7" branch="false"/>
            <line number="631" hits="7" branch="false"/>
            <line number="632" hits="7" branch="false"/>
            <line number="633" hits="7" branch="false"/>
            <line number="634" hits="7" branch="false"/>
            <line number="637" hits="219" branch="false"/>
            <line number="638" hits="219" branch="false"/>
          </lines>
        </class>
        <class name="gcomp.R" filename="R/gcomp.R" line-rate="0.917431192660551" branch-rate="0" complexity="0">
          <methods>
            <method name="h_get_subject_data" signature="" line-rate="0.375" branch-rate="0" complexity="0">
              <lines>
                <line number="25" hits="15" branch="false"/>
                <line number="26" hits="15" branch="false"/>
                <line number="27" hits="15" branch="false"/>
                <line number="29" hits="0" branch="false"/>
                <line number="30" hits="0" branch="false"/>
                <line number="31" hits="0" branch="false"/>
                <line number="32" hits="0" branch="false"/>
                <line number="33" hits="0" branch="false"/>
              </lines>
            </method>
            <method name="h_compute_potential_outcomes" signature="" line-rate="0.973684210526316" branch-rate="0" complexity="0">
              <lines>
                <line number="62" hits="46" branch="false"/>
                <line number="63" hits="46" branch="false"/>
                <line number="64" hits="46" branch="false"/>
                <line number="65" hits="46" branch="false"/>
                <line number="66" hits="46" branch="false"/>
                <line number="67" hits="46" branch="false"/>
                <line number="68" hits="46" branch="false"/>
                <line number="69" hits="46" branch="false"/>
                <line number="70" hits="46" branch="false"/>
                <line number="71" hits="46" branch="false"/>
                <line number="73" hits="46" branch="false"/>
                <line number="74" hits="46" branch="false"/>
                <line number="76" hits="46" branch="false"/>
                <line number="77" hits="46" branch="false"/>
                <line number="78" hits="46" branch="false"/>
                <line number="82" hits="46" branch="false"/>
                <line number="83" hits="46" branch="false"/>
                <line number="84" hits="92" branch="false"/>
                <line number="85" hits="92" branch="false"/>
                <line number="86" hits="92" branch="false"/>
                <line number="87" hits="92" branch="false"/>
                <line number="88" hits="92" branch="false"/>
                <line number="89" hits="92" branch="false"/>
                <line number="91" hits="0" branch="false"/>
                <line number="94" hits="92" branch="false"/>
                <line number="96" hits="46" branch="false"/>
                <line number="98" hits="46" branch="false"/>
                <line number="99" hits="46" branch="false"/>
                <line number="100" hits="46" branch="false"/>
                <line number="101" hits="46" branch="false"/>
                <line number="104" hits="46" branch="false"/>
                <line number="105" hits="46" branch="false"/>
                <line number="106" hits="46" branch="false"/>
                <line number="107" hits="92" branch="false"/>
                <line number="108" hits="92" branch="false"/>
                <line number="109" hits="92" branch="false"/>
                <line number="110" hits="92" branch="false"/>
                <line number="113" hits="46" branch="false"/>
              </lines>
            </method>
            <method name="h_gcomp_emm_correction" signature="" line-rate="0.952380952380952" branch-rate="0" complexity="0">
              <lines>
                <line number="133" hits="11" branch="false"/>
                <line number="134" hits="11" branch="false"/>
                <line number="135" hits="11" branch="false"/>
                <line number="137" hits="11" branch="false"/>
                <line number="138" hits="11" branch="false"/>
                <line number="140" hits="11" branch="false"/>
                <line number="141" hits="11" branch="false"/>
                <line number="143" hits="11" branch="false"/>
                <line number="144" hits="11" branch="false"/>
                <line number="145" hits="11" branch="false"/>
                <line number="147" hits="11" branch="false"/>
                <line number="148" hits="11" branch="false"/>
                <line number="150" hits="11" branch="false"/>
                <line number="155" hits="11" branch="false"/>
                <line number="156" hits="4" branch="false"/>
                <line number="157" hits="4" branch="false"/>
                <line number="158" hits="4" branch="false"/>
                <line number="161" hits="11" branch="false"/>
                <line number="162" hits="11" branch="false"/>
                <line number="163" hits="11" branch="false"/>
                <line number="165" hits="11" branch="false"/>
                <line number="166" hits="11" branch="false"/>
                <line number="168" hits="11" branch="false"/>
                <line number="169" hits="44" branch="false"/>
                <line number="170" hits="0" branch="false"/>
                <line number="171" hits="44" branch="false"/>
                <line number="173" hits="44" branch="false"/>
                <line number="174" hits="44" branch="false"/>
                <line number="175" hits="44" branch="false"/>
                <line number="177" hits="44" branch="false"/>
                <line number="178" hits="44" branch="false"/>
                <line number="179" hits="44" branch="false"/>
                <line number="180" hits="44" branch="false"/>
                <line number="181" hits="44" branch="false"/>
                <line number="182" hits="44" branch="false"/>
                <line number="183" hits="44" branch="false"/>
                <line number="185" hits="44" branch="false"/>
                <line number="186" hits="44" branch="false"/>
                <line number="188" hits="44" branch="false"/>
                <line number="189" hits="44" branch="false"/>
                <line number="191" hits="44" branch="false"/>
                <line number="192" hits="96" branch="false"/>
                <line number="193" hits="0" branch="false"/>
                <line number="195" hits="96" branch="false"/>
                <line number="197" hits="96" branch="false"/>
                <line number="198" hits="224" branch="false"/>
                <line number="199" hits="0" branch="false"/>
                <line number="200" hits="224" branch="false"/>
                <line number="205" hits="11" branch="false"/>
                <line number="206" hits="11" branch="false"/>
                <line number="208" hits="11" branch="false"/>
                <line number="209" hits="11" branch="false"/>
                <line number="210" hits="11" branch="false"/>
                <line number="211" hits="6" branch="false"/>
                <line number="212" hits="6" branch="false"/>
                <line number="213" hits="6" branch="false"/>
                <line number="214" hits="6" branch="false"/>
                <line number="215" hits="11" branch="false"/>
                <line number="216" hits="11" branch="false"/>
                <line number="218" hits="11" branch="false"/>
                <line number="219" hits="11" branch="false"/>
                <line number="220" hits="11" branch="false"/>
                <line number="222" hits="11" branch="false"/>
              </lines>
            </method>
          </methods>
          <lines>
            <line number="25" hits="15" branch="false"/>
            <line number="26" hits="15" branch="false"/>
            <line number="27" hits="15" branch="false"/>
            <line number="29" hits="0" branch="false"/>
            <line number="30" hits="0" branch="false"/>
            <line number="31" hits="0" branch="false"/>
            <line number="32" hits="0" branch="false"/>
            <line number="33" hits="0" branch="false"/>
            <line number="62" hits="46" branch="false"/>
            <line number="63" hits="46" branch="false"/>
            <line number="64" hits="46" branch="false"/>
            <line number="65" hits="46" branch="false"/>
            <line number="66" hits="46" branch="false"/>
            <line number="67" hits="46" branch="false"/>
            <line number="68" hits="46" branch="false"/>
[...]
            <line number="80" hits="1" branch="false"/>
            <line number="81" hits="1" branch="false"/>
            <line number="82" hits="1" branch="false"/>
            <line number="83" hits="1" branch="false"/>
            <line number="85" hits="0" branch="false"/>
            <line number="86" hits="1" branch="false"/>
            <line number="87" hits="1" branch="false"/>
            <line number="88" hits="1" branch="false"/>
            <line number="89" hits="1" branch="false"/>
            <line number="91" hits="1" branch="false"/>
            <line number="92" hits="1" branch="false"/>
            <line number="94" hits="0" branch="false"/>
            <line number="95" hits="1" branch="false"/>
            <line number="96" hits="1" branch="false"/>
            <line number="97" hits="1" branch="false"/>
            <line number="98" hits="1" branch="false"/>
            <line number="99" hits="1" branch="false"/>
            <line number="100" hits="1" branch="false"/>
            <line number="101" hits="1" branch="false"/>
            <line number="103" hits="1" branch="false"/>
            <line number="104" hits="1" branch="false"/>
            <line number="106" hits="0" branch="false"/>
            <line number="107" hits="1" branch="false"/>
            <line number="108" hits="1" branch="false"/>
            <line number="109" hits="1" branch="false"/>
            <line number="110" hits="1" branch="false"/>
            <line number="111" hits="1" branch="false"/>
            <line number="112" hits="1" branch="false"/>
            <line number="113" hits="1" branch="false"/>
            <line number="114" hits="1" branch="false"/>
            <line number="115" hits="1" branch="false"/>
            <line number="116" hits="1" branch="false"/>
            <line number="117" hits="1" branch="false"/>
            <line number="118" hits="1" branch="false"/>
            <line number="119" hits="1" branch="false"/>
            <line number="121" hits="1" branch="false"/>
            <line number="122" hits="1" branch="false"/>
            <line number="124" hits="0" branch="false"/>
            <line number="125" hits="1" branch="false"/>
            <line number="126" hits="1" branch="false"/>
            <line number="127" hits="1" branch="false"/>
            <line number="128" hits="1" branch="false"/>
            <line number="129" hits="2" branch="false"/>
            <line number="130" hits="1" branch="false"/>
          </lines>
        </class>
        <class name="test-utils.cpp" filename="src/test-utils.cpp" line-rate="0.964102564102564" branch-rate="0" complexity="0">
          <methods/>
          <lines>
            <line number="6" hits="1" branch="false"/>
            <line number="7" hits="3" branch="false"/>
            <line number="8" hits="1" branch="false"/>
            <line number="9" hits="0" branch="false"/>
            <line number="10" hits="1" branch="false"/>
            <line number="11" hits="1" branch="false"/>
            <line number="12" hits="1" branch="false"/>
            <line number="13" hits="2" branch="false"/>
            <line number="14" hits="1" branch="false"/>
            <line number="15" hits="1" branch="false"/>
            <line number="16" hits="0" branch="false"/>
            <line number="17" hits="1" branch="false"/>
            <line number="18" hits="1" branch="false"/>
            <line number="19" hits="1" branch="false"/>
            <line number="21" hits="1" branch="false"/>
            <line number="23" hits="1" branch="false"/>
            <line number="24" hits="0" branch="false"/>
            <line number="25" hits="1" branch="false"/>
            <line number="26" hits="1" branch="false"/>
            <line number="27" hits="1" branch="false"/>
            <line number="28" hits="2" branch="false"/>
            <line number="29" hits="1" branch="false"/>
            <line number="31" hits="2" branch="false"/>
            <line number="32" hits="6" branch="false"/>
            <line number="33" hits="1" branch="false"/>
            <line number="34" hits="0" branch="false"/>
            <line number="35" hits="1" branch="false"/>
            <line number="36" hits="1" branch="false"/>
            <line number="37" hits="1" branch="false"/>
            <line number="38" hits="1" branch="false"/>
            <line number="39" hits="1" branch="false"/>
            <line number="40" hits="3" branch="false"/>
            <line number="42" hits="6" branch="false"/>
            <line number="43" hits="1" branch="false"/>
            <line number="44" hits="0" branch="false"/>
            <line number="45" hits="1" branch="false"/>
            <line number="46" hits="1" branch="false"/>
            <line number="47" hits="1" branch="false"/>
            <line number="48" hits="1" branch="false"/>
            <line number="49" hits="1" branch="false"/>
            <line number="50" hits="1" branch="false"/>
            <line number="51" hits="3" branch="false"/>
            <line number="52" hits="2" branch="false"/>
            <line number="54" hits="1" branch="false"/>
            <line number="55" hits="3" branch="false"/>
            <line number="56" hits="1" branch="false"/>
            <line number="57" hits="0" branch="false"/>
            <line number="58" hits="1" branch="false"/>
            <line number="59" hits="1" branch="false"/>
            <line number="60" hits="1" branch="false"/>
            <line number="61" hits="1" branch="false"/>
            <line number="62" hits="1" branch="false"/>
            <line number="63" hits="1" branch="false"/>
            <line number="64" hits="2" branch="false"/>
            <line number="65" hits="1" branch="false"/>
            <line number="67" hits="1" branch="false"/>
            <line number="68" hits="3" branch="false"/>
            <line number="69" hits="2" branch="false"/>
            <line number="70" hits="1" branch="false"/>
            <line number="74" hits="2" branch="false"/>
            <line number="75" hits="1" branch="false"/>
            <line number="76" hits="2" branch="false"/>
            <line number="77" hits="1" branch="false"/>
            <line number="79" hits="1" branch="false"/>
            <line number="80" hits="3" branch="false"/>
            <line number="81" hits="2" branch="false"/>
            <line number="82" hits="1" branch="false"/>
            <line number="83" hits="1" branch="false"/>
            <line number="84" hits="1" branch="false"/>
            <line number="85" hits="2" branch="false"/>
            <line number="86" hits="1" branch="false"/>
            <line number="90" hits="3" branch="false"/>
            <line number="91" hits="3" branch="false"/>
            <line number="94" hits="1" branch="false"/>
            <line number="95" hits="3" branch="false"/>
            <line number="97" hits="1" branch="false"/>
            <line number="98" hits="1" branch="false"/>
            <line number="99" hits="1" branch="false"/>
            <line number="100" hits="1" branch="false"/>
            <line number="101" hits="1" branch="false"/>
            <line number="102" hits="1" branch="false"/>
            <line number="103" hits="1" branch="false"/>
            <line number="104" hits="2" branch="false"/>
            <line number="105" hits="1" branch="false"/>
            <line number="109" hits="3" branch="false"/>
            <line number="110" hits="3" branch="false"/>
            <line number="113" hits="1" branch="false"/>
            <line number="114" hits="3" branch="false"/>
            <line number="115" hits="2" branch="false"/>
            <line number="117" hits="1" branch="false"/>
            <line number="118" hits="1" branch="false"/>
            <line number="119" hits="0" branch="false"/>
            <line number="120" hits="1" branch="false"/>
            <line number="121" hits="1" branch="false"/>
            <line number="122" hits="1" branch="false"/>
            <line number="123" hits="1" branch="false"/>
            <line number="124" hits="2" branch="false"/>
            <line number="125" hits="1" branch="false"/>
            <line number="127" hits="2" branch="false"/>
            <line number="128" hits="6" branch="false"/>
            <line number="129" hits="1" branch="false"/>
            <line number="130" hits="1" branch="false"/>
            <line number="131" hits="1" branch="false"/>
            <line number="132" hits="1" branch="false"/>
            <line number="133" hits="1" branch="false"/>
            <line number="134" hits="1" branch="false"/>
            <line number="135" hits="1" branch="false"/>
            <line number="136" hits="1" branch="false"/>
            <line number="137" hits="1" branch="false"/>
            <line number="138" hits="3" branch="false"/>
            <line number="139" hits="6" branch="false"/>
            <line number="140" hits="1" branch="false"/>
            <line number="141" hits="1" branch="false"/>
            <line number="142" hits="1" branch="false"/>
            <line number="143" hits="1" branch="false"/>
            <line number="144" hits="1" branch="false"/>
            <line number="145" hits="1" branch="false"/>
            <line number="146" hits="1" branch="false"/>
            <line number="147" hits="1" branch="false"/>
            <line number="148" hits="1" branch="false"/>
            <line number="149" hits="1" branch="false"/>
            <line number="150" hits="3" branch="false"/>
            <line number="151" hits="2" branch="false"/>
            <line number="153" hits="2" branch="false"/>
            <line number="154" hits="6" branch="false"/>
            <line number="155" hits="1" branch="false"/>
            <line number="156" hits="1" branch="false"/>
            <line number="157" hits="1" branch="false"/>
            <line number="158" hits="1" branch="false"/>
            <line number="159" hits="1" branch="false"/>
            <line number="160" hits="3" branch="false"/>
            <line number="161" hits="6" branch="false"/>
            <line number="162" hits="1" branch="false"/>
            <line number="163" hits="1" branch="false"/>
            <line number="164" hits="1" branch="false"/>
            <line number="165" hits="1" branch="false"/>
            <line number="166" hits="1" branch="false"/>
            <line number="167" hits="3" branch="false"/>
            <line number="168" hits="2" branch="false"/>
            <line number="170" hits="2" branch="false"/>
            <line number="171" hits="6" branch="false"/>
            <line number="172" hits="1" branch="false"/>
            <line number="173" hits="1" branch="false"/>
            <line number="174" hits="1" branch="false"/>
            <line number="175" hits="1" branch="false"/>
            <line number="177" hits="1" branch="false"/>
            <line number="178" hits="1" branch="false"/>
            <line number="179" hits="1" branch="false"/>
            <line number="180" hits="1" branch="false"/>
            <line number="181" hits="1" branch="false"/>
            <line number="182" hits="3" branch="false"/>
            <line number="184" hits="6" branch="false"/>
            <line number="185" hits="1" branch="false"/>
            <line number="186" hits="1" branch="false"/>
            <line number="187" hits="1" branch="false"/>
            <line number="188" hits="1" branch="false"/>
            <line number="190" hits="1" branch="false"/>
            <line number="191" hits="1" branch="false"/>
            <line number="192" hits="1" branch="false"/>
            <line number="193" hits="1" branch="false"/>
            <line number="194" hits="1" branch="false"/>
            <line number="195" hits="3" branch="false"/>
            <line number="196" hits="2" branch="false"/>
            <line number="198" hits="1" branch="false"/>
            <line number="199" hits="3" branch="false"/>
            <line number="200" hits="1" branch="false"/>
            <line number="201" hits="1" branch="false"/>
            <line number="202" hits="1" branch="false"/>
            <line number="203" hits="1" branch="false"/>
            <line number="204" hits="1" branch="false"/>
            <line number="205" hits="1" branch="false"/>
            <line number="206" hits="1" branch="false"/>
            <line number="208" hits="1" branch="false"/>
            <line number="209" hits="1" branch="false"/>
            <line number="210" hits="1" branch="false"/>
            <line number="211" hits="1" branch="false"/>
            <line number="212" hits="1" branch="false"/>
            <line number="213" hits="1" branch="false"/>
            <line number="214" hits="1" branch="false"/>
            <line number="216" hits="1" branch="false"/>
            <line number="217" hits="1" branch="false"/>
            <line number="218" hits="1" branch="false"/>
            <line number="219" hits="1" branch="false"/>
            <line number="220" hits="1" branch="false"/>
            <line number="221" hits="1" branch="false"/>
            <line number="222" hits="2" branch="false"/>
            <line number="223" hits="1" branch="false"/>
            <line number="225" hits="1" branch="false"/>
            <line number="226" hits="3" branch="false"/>
            <line number="227" hits="1" branch="false"/>
            <line number="228" hits="1" branch="false"/>
            <line number="229" hits="1" branch="false"/>
            <line number="230" hits="1" branch="false"/>
            <line number="231" hits="2" branch="false"/>
            <line number="232" hits="1" branch="false"/>
          </lines>
        </class>
        <class name="testthat-helpers.h" filename="src/testthat-helpers.h" line-rate="0.666666666666667" branch-rate="0" complexity="0">
          <methods/>
          <lines>
            <line number="31" hits="48" branch="false"/>
            <line number="33" hits="48" branch="false"/>
            <line number="34" hits="48" branch="false"/>
            <line number="36" hits="0" branch="false"/>
            <line number="37" hits="0" branch="false"/>
            <line number="39" hits="183" branch="false"/>
            <line number="40" hits="510" branch="false"/>
            <line number="41" hits="0" branch="false"/>
            <line number="44" hits="48" branch="false"/>
            <line number="47" hits="9" branch="false"/>
            <line number="49" hits="9" branch="false"/>
            <line number="50" hits="0" branch="false"/>
            <line number="52" hits="54" branch="false"/>
            <line number="53" hits="0" branch="false"/>
            <line number="55" hits="9" branch="false"/>
          </lines>
        </class>
        <class name="utils.h" filename="src/utils.h" line-rate="1" branch-rate="0" complexity="0">
          <methods/>
          <lines>
            <line number="15" hits="229170" branch="false"/>
            <line number="17" hits="229170" branch="false"/>
            <line number="26" hits="229170" branch="false"/>
            <line number="30" hits="242229" branch="false"/>
            <line number="32" hits="242229" branch="false"/>
            <line number="41" hits="242229" branch="false"/>
            <line number="47" hits="488390" branch="false"/>
            <line number="48" hits="488390" branch="false"/>
            <line number="49" hits="1473090" branch="false"/>
            <line number="50" hits="984700" branch="false"/>
            <line number="52" hits="488390" branch="false"/>
            <line number="56" hits="211348" branch="false"/>
            <line number="57" hits="211348" branch="false"/>
            <line number="58" hits="3087076" branch="false"/>
            <line number="59" hits="32867944" branch="false"/>
            <line number="60" hits="29992216" branch="false"/>
            <line number="63" hits="211348" branch="false"/>
            <line number="67" hits="726686" branch="false"/>
            <line number="68" hits="726686" branch="false"/>
            <line number="69" hits="3630604" branch="false"/>
            <line number="70" hits="2903918" branch="false"/>
            <line number="72" hits="726686" branch="false"/>
            <line number="80" hits="690464" branch="false"/>
            <line number="81" hits="690464" branch="false"/>
            <line number="82" hits="690464" branch="false"/>
            <line number="83" hits="690464" branch="false"/>
            <line number="84" hits="690464" branch="false"/>
            <line number="85" hits="13650" branch="false"/>
            <line number="87" hits="690464" branch="false"/>
            <line number="95" hits="1353628" branch="false"/>
            <line number="96" hits="1353628" branch="false"/>
            <line number="97" hits="1353628" branch="false"/>
            <line number="98" hits="1353628" branch="false"/>
            <line number="99" hits="1353628" branch="false"/>
            <line number="104" hits="2966" branch="false"/>
            <line number="105" hits="5932" branch="false"/>
            <line number="110" hits="656" branch="false"/>
            <line number="111" hits="656" branch="false"/>
            <line number="112" hits="656" branch="false"/>
            <line number="121" hits="2962" branch="false"/>
            <line number="122" hits="2962" branch="false"/>
            <line number="128" hits="3610" branch="false"/>
            <line number="129" hits="3610" branch="false"/>
            <line number="130" hits="3610" branch="false"/>
            <line number="131" hits="17966" branch="false"/>
            <line number="132" hits="35780" branch="false"/>
            <line number="133" hits="21424" branch="false"/>
            <line number="136" hits="3610" branch="false"/>
            <line number="137" hits="3610" branch="false"/>
            <line number="138" hits="7220" branch="false"/>
            <line number="139" hits="3610" branch="false"/>
            <line number="144" hits="1009" branch="false"/>
            <line number="145" hits="1009" branch="false"/>
            <line number="146" hits="1009" branch="false"/>
            <line number="147" hits="1009" branch="false"/>
            <line number="148" hits="2018" branch="false"/>
            <line number="149" hits="1009" branch="false"/>
            <line number="153" hits="18132" branch="false"/>
            <line number="154" hits="18132" branch="false"/>
            <line number="155" hits="68070" branch="false"/>
            <line number="156" hits="49938" branch="false"/>
            <line number="157" hits="101220" branch="false"/>
            <line number="158" hits="51282" branch="false"/>
            <line number="159" hits="51282" branch="false"/>
            <line number="160" hits="51282" branch="false"/>
            <line number="161" hits="51282" branch="false"/>
            <line number="164" hits="18132" branch="false"/>
            <line number="169" hits="792" branch="false"/>
            <line number="170" hits="792" branch="false"/>
            <line number="171" hits="2954" branch="false"/>
            <line number="172" hits="4332" branch="false"/>
            <line number="173" hits="2170" branch="false"/>
            <line number="176" hits="792" branch="false"/>
            <line number="182" hits="790" branch="false"/>
            <line number="183" hits="790" branch="false"/>
            <line number="184" hits="790" branch="false"/>
            <line number="185" hits="790" branch="false"/>
            <line number="186" hits="790" branch="false"/>
            <line number="187" hits="790" branch="false"/>
            <line number="188" hits="1580" branch="false"/>
            <line number="189" hits="790" branch="false"/>
          </lines>
        </class>
      </classes>
    </package>
  </packages>
</coverage>
